Arguments: 
  /usr/bin/node /usr/local/bin/yarn add node-sass --dev

PATH: 
  /usr/local/sbin:/usr/local/bin:/usr/sbin:/usr/bin:/sbin:/bin:/snap/bin

Yarn version: 
  1.19.1

Node version: 
  8.10.0

Platform: 
  linux x64

Trace: 
  SyntaxError: /home/egor/Документы/Programming/HTML-CSS/NatoursCss/package.json: Unexpected string in JSON at position 224
      at JSON.parse (<anonymous>)
      at /usr/local/lib/node_modules/yarn/lib/cli.js:1625:59
      at Generator.next (<anonymous>)
      at step (/usr/local/lib/node_modules/yarn/lib/cli.js:304:30)
      at /usr/local/lib/node_modules/yarn/lib/cli.js:315:13
      at <anonymous>

npm manifest: 
  {
    "name": "natours",
    "version": "1.0.0",
    "description": "Landing page",
    "main": "index.js",
    "repository": "https://github.com/likeroge/NatoursCss.git",
    "author": "Egor <likeroge@gmail.com>",
    "license": "MIT"
    "scripts": {
      
    }
  }

yarn manifest: 
  No manifest

Lockfile: 
  # THIS IS AN AUTOGENERATED FILE. DO NOT EDIT THIS FILE DIRECTLY.
  # yarn lockfile v1
